<?xml version="1.0" encoding="UTF-8"?>
<testsuite xmlns:xsi="http://www.w3.org/2001/XMLSchema-instance" xsi:noNamespaceSchemaLocation="https://maven.apache.org/surefire/maven-surefire-plugin/xsd/surefire-test-report-3.0.xsd" version="3.0" name="DaoTest" time="0.568" tests="6" errors="0" skipped="0" failures="0">
  <properties>
[...]
</properties>
  <testcase name="testDeleteVoter" classname="DaoTest" time="0.499"/>
  <testcase name="testAdminValid" classname="DaoTest" time="0.018"/>
  <testcase name="testRegister" classname="DaoTest" time="0.006"/>
  <testcase name="testContact" classname="DaoTest" time="0.005"/>
  <testcase name="testLoginValidation" classname="DaoTest" time="0.002"/>
  <testcase name="testVoterValid" classname="DaoTest" time="0.004"/>
</testsuite>